nohup: 忽略输入
Using device=cuda
[TUNE] function=core_interaction screen=rf seed=3 trial=0/63 params={'hidden': 256, 'depth': 4, 'activation': 'silu', 'lr': 1.7914823299257556e-05, 'weight_decay': 0.0, 'dropout': 0.0}
[TUNE] function=core_interaction screen=rf seed=3 trial=1/63 params={'hidden': 1024, 'depth': 5, 'activation': 'gelu', 'lr': 0.0006814077779998041, 'weight_decay': 1e-05, 'dropout': 0.0}
[TUNE] function=core_interaction screen=rf seed=3 trial=2/63 params={'hidden': 512, 'depth': 3, 'activation': 'softplus', 'lr': 0.0003963846916332276, 'weight_decay': 1e-05, 'dropout': 0.0}
[TUNE] function=core_interaction screen=rf seed=3 trial=3/63 params={'hidden': 128, 'depth': 3, 'activation': 'gelu', 'lr': 0.008582316642447659, 'weight_decay': 1e-06, 'dropout': 0.0}
[TUNE] function=core_interaction screen=rf seed=3 trial=4/63 params={'hidden': 256, 'depth': 5, 'activation': 'tanh', 'lr': 2.0217351184407916e-05, 'weight_decay': 0.001, 'dropout': 0.0}
[TUNE] function=core_interaction screen=rf seed=3 trial=5/63 params={'hidden': 128, 'depth': 4, 'activation': 'silu', 'lr': 0.0008736206427413648, 'weight_decay': 0.001, 'dropout': 0.0}
[TUNE] function=core_interaction screen=rf seed=3 trial=6/63 params={'hidden': 64, 'depth': 4, 'activation': 'silu', 'lr': 2.4057907238536538e-05, 'weight_decay': 1e-06, 'dropout': 0.0}
[TUNE] function=core_interaction screen=rf seed=3 trial=7/63 params={'hidden': 128, 'depth': 4, 'activation': 'tanh', 'lr': 0.00047694266152827346, 'weight_decay': 1e-05, 'dropout': 0.0}
[TUNE] function=core_interaction screen=rf seed=3 trial=8/63 params={'hidden': 1024, 'depth': 5, 'activation': 'softplus', 'lr': 2.3189241555700533e-05, 'weight_decay': 0.0001, 'dropout': 0.0}
[TUNE] function=core_interaction screen=rf seed=3 trial=9/63 params={'hidden': 1024, 'depth': 4, 'activation': 'softplus', 'lr': 0.0003280597254191432, 'weight_decay': 0.001, 'dropout': 0.0}
[TUNE] function=core_interaction screen=rf seed=3 trial=10/63 params={'hidden': 128, 'depth': 2, 'activation': 'silu', 'lr': 9.241349955676404e-05, 'weight_decay': 0.01, 'dropout': 0.0}
[TUNE] function=core_interaction screen=rf seed=3 trial=11/63 params={'hidden': 256, 'depth': 3, 'activation': 'silu', 'lr': 9.482451888451188e-05, 'weight_decay': 0.01, 'dropout': 0.0}
[TUNE] function=core_interaction screen=rf seed=3 trial=12/63 params={'hidden': 512, 'depth': 4, 'activation': 'silu', 'lr': 2.336963771895936e-05, 'weight_decay': 1e-05, 'dropout': 0.0}
[TUNE] function=core_interaction screen=rf seed=3 trial=13/63 params={'hidden': 128, 'depth': 2, 'activation': 'gelu', 'lr': 0.0003785469093680741, 'weight_decay': 0.01, 'dropout': 0.0}
[TUNE] function=core_interaction screen=rf seed=3 trial=14/63 params={'hidden': 1024, 'depth': 5, 'activation': 'tanh', 'lr': 4.20651912453514e-05, 'weight_decay': 1e-05, 'dropout': 0.0}
[TUNE] function=core_interaction screen=rf seed=3 trial=15/63 params={'hidden': 64, 'depth': 2, 'activation': 'softplus', 'lr': 0.0010420273417134222, 'weight_decay': 0.0, 'dropout': 0.0}
[TUNE] function=core_interaction screen=rf seed=3 trial=16/63 params={'hidden': 256, 'depth': 5, 'activation': 'silu', 'lr': 5.387183121088371e-05, 'weight_decay': 0.001, 'dropout': 0.0}
[TUNE] function=core_interaction screen=rf seed=3 trial=17/63 params={'hidden': 256, 'depth': 3, 'activation': 'softplus', 'lr': 0.0017539939315279417, 'weight_decay': 0.01, 'dropout': 0.0}
[TUNE] function=core_interaction screen=rf seed=3 trial=18/63 params={'hidden': 1024, 'depth': 3, 'activation': 'gelu', 'lr': 0.008130009508320683, 'weight_decay': 0.001, 'dropout': 0.0}
[TUNE] function=core_interaction screen=rf seed=3 trial=19/63 params={'hidden': 64, 'depth': 3, 'activation': 'softplus', 'lr': 5.913200061953426e-05, 'weight_decay': 1e-06, 'dropout': 0.0}
[TUNE] function=core_interaction screen=rf seed=3 trial=20/63 params={'hidden': 1024, 'depth': 5, 'activation': 'gelu', 'lr': 0.007885085604752418, 'weight_decay': 1e-05, 'dropout': 0.0}
[TUNE] function=core_interaction screen=rf seed=3 trial=21/63 params={'hidden': 1024, 'depth': 3, 'activation': 'silu', 'lr': 0.0017500700064247338, 'weight_decay': 1e-05, 'dropout': 0.0}
[TUNE] function=core_interaction screen=rf seed=3 trial=22/63 params={'hidden': 512, 'depth': 3, 'activation': 'gelu', 'lr': 1.2209391533457732e-05, 'weight_decay': 0.01, 'dropout': 0.0}
[TUNE] function=core_interaction screen=rf seed=3 trial=23/63 params={'hidden': 256, 'depth': 3, 'activation': 'softplus', 'lr': 0.004641922111783449, 'weight_decay': 0.001, 'dropout': 0.0}
[TUNE] function=core_interaction screen=rf seed=3 trial=24/63 params={'hidden': 256, 'depth': 4, 'activation': 'silu', 'lr': 0.009459701745939002, 'weight_decay': 0.0001, 'dropout': 0.0}
[TUNE] function=core_interaction screen=rf seed=3 trial=25/63 params={'hidden': 128, 'depth': 3, 'activation': 'gelu', 'lr': 0.007835596905454168, 'weight_decay': 0.0001, 'dropout': 0.0}
[TUNE] function=core_interaction screen=rf seed=3 trial=26/63 params={'hidden': 128, 'depth': 5, 'activation': 'silu', 'lr': 0.00011763241464013203, 'weight_decay': 0.0001, 'dropout': 0.0}
[TUNE] function=core_interaction screen=rf seed=3 trial=27/63 params={'hidden': 128, 'depth': 4, 'activation': 'softplus', 'lr': 0.00037802364437374014, 'weight_decay': 0.01, 'dropout': 0.0}
[TUNE] function=core_interaction screen=rf seed=3 trial=28/63 params={'hidden': 256, 'depth': 3, 'activation': 'silu', 'lr': 0.0005130178563950834, 'weight_decay': 1e-06, 'dropout': 0.0}
[TUNE] function=core_interaction screen=rf seed=3 trial=29/63 params={'hidden': 64, 'depth': 2, 'activation': 'tanh', 'lr': 0.0074140749225274204, 'weight_decay': 0.0001, 'dropout': 0.0}
[TUNE] function=core_interaction screen=rf seed=3 trial=30/63 params={'hidden': 512, 'depth': 3, 'activation': 'gelu', 'lr': 0.005760363248245899, 'weight_decay': 1e-05, 'dropout': 0.0}
[TUNE] function=core_interaction screen=rf seed=3 trial=31/63 params={'hidden': 128, 'depth': 4, 'activation': 'silu', 'lr': 0.0028124607309201848, 'weight_decay': 0.0, 'dropout': 0.0}
[TUNE] function=core_interaction screen=rf seed=3 trial=32/63 params={'hidden': 128, 'depth': 3, 'activation': 'tanh', 'lr': 1.802551290219014e-05, 'weight_decay': 0.0, 'dropout': 0.0}
[TUNE] function=core_interaction screen=rf seed=3 trial=33/63 params={'hidden': 1024, 'depth': 2, 'activation': 'tanh', 'lr': 0.0008815658295139772, 'weight_decay': 0.001, 'dropout': 0.0}
[TUNE] function=core_interaction screen=rf seed=3 trial=34/63 params={'hidden': 256, 'depth': 4, 'activation': 'silu', 'lr': 3.288433425688566e-05, 'weight_decay': 0.0, 'dropout': 0.0}
[TUNE] function=core_interaction screen=rf seed=3 trial=35/63 params={'hidden': 128, 'depth': 3, 'activation': 'tanh', 'lr': 2.6980347372982754e-05, 'weight_decay': 1e-05, 'dropout': 0.0}
[TUNE] function=core_interaction screen=rf seed=3 trial=36/63 params={'hidden': 64, 'depth': 2, 'activation': 'tanh', 'lr': 0.0004501624713625109, 'weight_decay': 0.001, 'dropout': 0.0}
[TUNE] function=core_interaction screen=rf seed=3 trial=37/63 params={'hidden': 1024, 'depth': 3, 'activation': 'tanh', 'lr': 0.002354002723942334, 'weight_decay': 0.001, 'dropout': 0.0}
[TUNE] function=core_interaction screen=rf seed=3 trial=38/63 params={'hidden': 64, 'depth': 3, 'activation': 'softplus', 'lr': 2.970011187754521e-05, 'weight_decay': 1e-06, 'dropout': 0.0}
[TUNE] function=core_interaction screen=rf seed=3 trial=39/63 params={'hidden': 512, 'depth': 2, 'activation': 'tanh', 'lr': 0.00023089415325481998, 'weight_decay': 1e-06, 'dropout': 0.0}
[TUNE] function=core_interaction screen=rf seed=3 trial=40/63 params={'hidden': 128, 'depth': 5, 'activation': 'softplus', 'lr': 0.00038726891328143487, 'weight_decay': 0.0, 'dropout': 0.0}
[TUNE] function=core_interaction screen=rf seed=3 trial=41/63 params={'hidden': 1024, 'depth': 5, 'activation': 'silu', 'lr': 8.197772647117017e-05, 'weight_decay': 1e-06, 'dropout': 0.0}
[TUNE] function=core_interaction screen=rf seed=3 trial=42/63 params={'hidden': 512, 'depth': 3, 'activation': 'softplus', 'lr': 0.004306533041948732, 'weight_decay': 1e-05, 'dropout': 0.0}
[TUNE] function=core_interaction screen=rf seed=3 trial=43/63 params={'hidden': 1024, 'depth': 4, 'activation': 'softplus', 'lr': 0.002319096123246555, 'weight_decay': 0.0001, 'dropout': 0.0}
[TUNE] function=core_interaction screen=rf seed=3 trial=44/63 params={'hidden': 512, 'depth': 5, 'activation': 'silu', 'lr': 0.00015664842665458263, 'weight_decay': 0.001, 'dropout': 0.0}
[TUNE] function=core_interaction screen=rf seed=3 trial=45/63 params={'hidden': 64, 'depth': 5, 'activation': 'gelu', 'lr': 5.764190624050048e-05, 'weight_decay': 0.01, 'dropout': 0.0}
[TUNE] function=core_interaction screen=rf seed=3 trial=46/63 params={'hidden': 128, 'depth': 2, 'activation': 'tanh', 'lr': 0.0020726272601401616, 'weight_decay': 1e-05, 'dropout': 0.0}
[TUNE] function=core_interaction screen=rf seed=3 trial=47/63 params={'hidden': 64, 'depth': 3, 'activation': 'tanh', 'lr': 7.210955215127298e-05, 'weight_decay': 0.0, 'dropout': 0.0}
[TUNE] function=core_interaction screen=rf seed=3 trial=48/63 params={'hidden': 512, 'depth': 5, 'activation': 'tanh', 'lr': 2.453089301425014e-05, 'weight_decay': 0.01, 'dropout': 0.0}
[TUNE] function=core_interaction screen=rf seed=3 trial=49/63 params={'hidden': 1024, 'depth': 3, 'activation': 'silu', 'lr': 0.0006136024854614151, 'weight_decay': 0.0, 'dropout': 0.0}
[TUNE] function=core_interaction screen=rf seed=3 trial=50/63 params={'hidden': 256, 'depth': 2, 'activation': 'tanh', 'lr': 1.1469745804515274e-05, 'weight_decay': 1e-06, 'dropout': 0.0}
[TUNE] function=core_interaction screen=rf seed=3 trial=51/63 params={'hidden': 1024, 'depth': 2, 'activation': 'softplus', 'lr': 3.17644800534444e-05, 'weight_decay': 0.01, 'dropout': 0.0}
[TUNE] function=core_interaction screen=rf seed=3 trial=52/63 params={'hidden': 512, 'depth': 3, 'activation': 'tanh', 'lr': 0.0002942303502243147, 'weight_decay': 0.01, 'dropout': 0.0}
[TUNE] function=core_interaction screen=rf seed=3 trial=53/63 params={'hidden': 64, 'depth': 3, 'activation': 'silu', 'lr': 0.0020674631096037556, 'weight_decay': 1e-05, 'dropout': 0.0}
[TUNE] function=core_interaction screen=rf seed=3 trial=54/63 params={'hidden': 256, 'depth': 4, 'activation': 'gelu', 'lr': 2.6025781842516976e-05, 'weight_decay': 0.01, 'dropout': 0.0}
[TUNE] function=core_interaction screen=rf seed=3 trial=55/63 params={'hidden': 1024, 'depth': 5, 'activation': 'tanh', 'lr': 0.0001364534509046072, 'weight_decay': 1e-05, 'dropout': 0.0}
[TUNE] function=core_interaction screen=rf seed=3 trial=56/63 params={'hidden': 128, 'depth': 4, 'activation': 'tanh', 'lr': 0.005444546660168235, 'weight_decay': 0.001, 'dropout': 0.0}
[TUNE] function=core_interaction screen=rf seed=3 trial=57/63 params={'hidden': 1024, 'depth': 2, 'activation': 'gelu', 'lr': 0.0004364561886615157, 'weight_decay': 0.0001, 'dropout': 0.0}
[TUNE] function=core_interaction screen=rf seed=3 trial=58/63 params={'hidden': 1024, 'depth': 5, 'activation': 'tanh', 'lr': 0.0015524871737295173, 'weight_decay': 0.0001, 'dropout': 0.0}
[TUNE] function=core_interaction screen=rf seed=3 trial=59/63 params={'hidden': 64, 'depth': 5, 'activation': 'softplus', 'lr': 3.229421275560314e-05, 'weight_decay': 1e-05, 'dropout': 0.0}
[TUNE] function=core_interaction screen=rf seed=3 trial=60/63 params={'hidden': 64, 'depth': 2, 'activation': 'silu', 'lr': 1.9749810139515433e-05, 'weight_decay': 0.0, 'dropout': 0.0}
[TUNE] function=core_interaction screen=rf seed=3 trial=61/63 params={'hidden': 1024, 'depth': 3, 'activation': 'tanh', 'lr': 0.0001677365364863026, 'weight_decay': 0.0, 'dropout': 0.0}
[TUNE] function=core_interaction screen=rf seed=3 trial=62/63 params={'hidden': 512, 'depth': 2, 'activation': 'tanh', 'lr': 4.848665457363615e-05, 'weight_decay': 1e-05, 'dropout': 0.0}
[TUNE] function=core_interaction screen=rf seed=3 trial=63/63 params={'hidden': 64, 'depth': 2, 'activation': 'softplus', 'lr': 0.000287482491713817, 'weight_decay': 0.0001, 'dropout': 0.0}
[BEST] function=core_interaction screen=rf: {'hidden': 1024, 'depth': 5, 'activation': 'gelu', 'lr': 0.0006814077779998041, 'weight_decay': 1e-05, 'dropout': 0.0, 'best_val_mse': 0.7251450419425964, 'best_epoch': 60, 'screen_mode': 'rf', 'function': 'core_interaction'}
[TUNE] function=core_interaction screen=oracle_support seed=3 trial=0/63 params={'hidden': 256, 'depth': 4, 'activation': 'silu', 'lr': 1.7914823299257556e-05, 'weight_decay': 0.0, 'dropout': 0.0}
[TUNE] function=core_interaction screen=oracle_support seed=3 trial=1/63 params={'hidden': 128, 'depth': 4, 'activation': 'tanh', 'lr': 0.0007049708838227494, 'weight_decay': 1e-05, 'dropout': 0.0}
[TUNE] function=core_interaction screen=oracle_support seed=3 trial=2/63 params={'hidden': 128, 'depth': 3, 'activation': 'silu', 'lr': 0.000286521352338572, 'weight_decay': 1e-05, 'dropout': 0.0}
[TUNE] function=core_interaction screen=oracle_support seed=3 trial=3/63 params={'hidden': 512, 'depth': 3, 'activation': 'gelu', 'lr': 1.5080989245501307e-05, 'weight_decay': 0.0001, 'dropout': 0.0}
[TUNE] function=core_interaction screen=oracle_support seed=3 trial=4/63 params={'hidden': 256, 'depth': 5, 'activation': 'tanh', 'lr': 0.009371024319489923, 'weight_decay': 0.0, 'dropout': 0.0}
[TUNE] function=core_interaction screen=oracle_support seed=3 trial=5/63 params={'hidden': 128, 'depth': 2, 'activation': 'silu', 'lr': 0.00012052162018877624, 'weight_decay': 1e-06, 'dropout': 0.0}
[TUNE] function=core_interaction screen=oracle_support seed=3 trial=6/63 params={'hidden': 256, 'depth': 2, 'activation': 'gelu', 'lr': 1.804504798861434e-05, 'weight_decay': 1e-05, 'dropout': 0.0}
[TUNE] function=core_interaction screen=oracle_support seed=3 trial=7/63 params={'hidden': 64, 'depth': 2, 'activation': 'tanh', 'lr': 1.8642069277587822e-05, 'weight_decay': 1e-06, 'dropout': 0.0}
[TUNE] function=core_interaction screen=oracle_support seed=3 trial=8/63 params={'hidden': 128, 'depth': 5, 'activation': 'tanh', 'lr': 0.00014206573971170107, 'weight_decay': 0.0, 'dropout': 0.0}
[TUNE] function=core_interaction screen=oracle_support seed=3 trial=9/63 params={'hidden': 512, 'depth': 5, 'activation': 'silu', 'lr': 0.002335677186669637, 'weight_decay': 0.0, 'dropout': 0.0}
[TUNE] function=core_interaction screen=oracle_support seed=3 trial=10/63 params={'hidden': 64, 'depth': 5, 'activation': 'tanh', 'lr': 0.0016114080585197302, 'weight_decay': 1e-06, 'dropout': 0.0}
[TUNE] function=core_interaction screen=oracle_support seed=3 trial=11/63 params={'hidden': 1024, 'depth': 5, 'activation': 'silu', 'lr': 1.9762526479818104e-05, 'weight_decay': 1e-05, 'dropout': 0.0}
[TUNE] function=core_interaction screen=oracle_support seed=3 trial=12/63 params={'hidden': 256, 'depth': 5, 'activation': 'tanh', 'lr': 1.7278636637172667e-05, 'weight_decay': 0.0, 'dropout': 0.0}
[TUNE] function=core_interaction screen=oracle_support seed=3 trial=13/63 params={'hidden': 1024, 'depth': 5, 'activation': 'tanh', 'lr': 0.000360027178829952, 'weight_decay': 0.001, 'dropout': 0.0}
[TUNE] function=core_interaction screen=oracle_support seed=3 trial=14/63 params={'hidden': 256, 'depth': 5, 'activation': 'softplus', 'lr': 1.690489050284512e-05, 'weight_decay': 1e-05, 'dropout': 0.0}
[TUNE] function=core_interaction screen=oracle_support seed=3 trial=15/63 params={'hidden': 512, 'depth': 4, 'activation': 'gelu', 'lr': 0.00032575665382220516, 'weight_decay': 0.001, 'dropout': 0.0}
[TUNE] function=core_interaction screen=oracle_support seed=3 trial=16/63 params={'hidden': 512, 'depth': 4, 'activation': 'silu', 'lr': 0.006017182554089832, 'weight_decay': 0.0, 'dropout': 0.0}
[TUNE] function=core_interaction screen=oracle_support seed=3 trial=17/63 params={'hidden': 1024, 'depth': 2, 'activation': 'gelu', 'lr': 3.395973824117258e-05, 'weight_decay': 0.0, 'dropout': 0.0}
[TUNE] function=core_interaction screen=oracle_support seed=3 trial=18/63 params={'hidden': 128, 'depth': 2, 'activation': 'silu', 'lr': 0.0029817726032039327, 'weight_decay': 0.001, 'dropout': 0.0}
[TUNE] function=core_interaction screen=oracle_support seed=3 trial=19/63 params={'hidden': 64, 'depth': 2, 'activation': 'softplus', 'lr': 0.0003885486989389062, 'weight_decay': 0.01, 'dropout': 0.0}
[TUNE] function=core_interaction screen=oracle_support seed=3 trial=20/63 params={'hidden': 64, 'depth': 5, 'activation': 'gelu', 'lr': 7.138298599746697e-05, 'weight_decay': 0.01, 'dropout': 0.0}
[TUNE] function=core_interaction screen=oracle_support seed=3 trial=21/63 params={'hidden': 128, 'depth': 5, 'activation': 'softplus', 'lr': 0.0003339106437193442, 'weight_decay': 0.001, 'dropout': 0.0}
[TUNE] function=core_interaction screen=oracle_support seed=3 trial=22/63 params={'hidden': 512, 'depth': 4, 'activation': 'softplus', 'lr': 4.027678203805819e-05, 'weight_decay': 0.01, 'dropout': 0.0}
[TUNE] function=core_interaction screen=oracle_support seed=3 trial=23/63 params={'hidden': 512, 'depth': 5, 'activation': 'tanh', 'lr': 2.0747371900337206e-05, 'weight_decay': 0.001, 'dropout': 0.0}
[TUNE] function=core_interaction screen=oracle_support seed=3 trial=24/63 params={'hidden': 64, 'depth': 4, 'activation': 'silu', 'lr': 8.771710758721239e-05, 'weight_decay': 0.01, 'dropout': 0.0}
[TUNE] function=core_interaction screen=oracle_support seed=3 trial=25/63 params={'hidden': 512, 'depth': 2, 'activation': 'tanh', 'lr': 0.0005544727766952401, 'weight_decay': 0.0, 'dropout': 0.0}
[TUNE] function=core_interaction screen=oracle_support seed=3 trial=26/63 params={'hidden': 64, 'depth': 2, 'activation': 'tanh', 'lr': 9.930048958423848e-05, 'weight_decay': 0.0001, 'dropout': 0.0}
[TUNE] function=core_interaction screen=oracle_support seed=3 trial=27/63 params={'hidden': 256, 'depth': 2, 'activation': 'tanh', 'lr': 0.00014097260250936575, 'weight_decay': 1e-05, 'dropout': 0.0}
[TUNE] function=core_interaction screen=oracle_support seed=3 trial=28/63 params={'hidden': 64, 'depth': 5, 'activation': 'gelu', 'lr': 0.0005812020918166954, 'weight_decay': 0.001, 'dropout': 0.0}
[TUNE] function=core_interaction screen=oracle_support seed=3 trial=29/63 params={'hidden': 256, 'depth': 4, 'activation': 'tanh', 'lr': 0.0037861531286225774, 'weight_decay': 0.0001, 'dropout': 0.0}
[TUNE] function=core_interaction screen=oracle_support seed=3 trial=30/63 params={'hidden': 128, 'depth': 4, 'activation': 'softplus', 'lr': 8.741245910139194e-05, 'weight_decay': 0.001, 'dropout': 0.0}
[TUNE] function=core_interaction screen=oracle_support seed=3 trial=31/63 params={'hidden': 512, 'depth': 2, 'activation': 'softplus', 'lr': 0.0007984534569897933, 'weight_decay': 0.0, 'dropout': 0.0}
[TUNE] function=core_interaction screen=oracle_support seed=3 trial=32/63 params={'hidden': 512, 'depth': 3, 'activation': 'softplus', 'lr': 0.0032913571190736983, 'weight_decay': 1e-06, 'dropout': 0.0}
[TUNE] function=core_interaction screen=oracle_support seed=3 trial=33/63 params={'hidden': 512, 'depth': 2, 'activation': 'gelu', 'lr': 0.00020938165893655923, 'weight_decay': 1e-06, 'dropout': 0.0}
[TUNE] function=core_interaction screen=oracle_support seed=3 trial=34/63 params={'hidden': 256, 'depth': 3, 'activation': 'softplus', 'lr': 0.00013248425266622292, 'weight_decay': 0.0001, 'dropout': 0.0}
[TUNE] function=core_interaction screen=oracle_support seed=3 trial=35/63 params={'hidden': 512, 'depth': 2, 'activation': 'gelu', 'lr': 0.0007102637625563795, 'weight_decay': 0.01, 'dropout': 0.0}
[TUNE] function=core_interaction screen=oracle_support seed=3 trial=36/63 params={'hidden': 512, 'depth': 3, 'activation': 'tanh', 'lr': 0.0047491095599845766, 'weight_decay': 0.001, 'dropout': 0.0}
[TUNE] function=core_interaction screen=oracle_support seed=3 trial=37/63 params={'hidden': 128, 'depth': 5, 'activation': 'softplus', 'lr': 0.0012889244229008434, 'weight_decay': 0.001, 'dropout': 0.0}
[TUNE] function=core_interaction screen=oracle_support seed=3 trial=38/63 params={'hidden': 128, 'depth': 2, 'activation': 'tanh', 'lr': 0.0006443954580963341, 'weight_decay': 0.0001, 'dropout': 0.0}
[TUNE] function=core_interaction screen=oracle_support seed=3 trial=39/63 params={'hidden': 1024, 'depth': 2, 'activation': 'softplus', 'lr': 0.000832847221435876, 'weight_decay': 0.01, 'dropout': 0.0}
[TUNE] function=core_interaction screen=oracle_support seed=3 trial=40/63 params={'hidden': 512, 'depth': 2, 'activation': 'softplus', 'lr': 0.0017371112759682486, 'weight_decay': 0.01, 'dropout': 0.0}
[TUNE] function=core_interaction screen=oracle_support seed=3 trial=41/63 params={'hidden': 64, 'depth': 5, 'activation': 'tanh', 'lr': 0.0009551378726985911, 'weight_decay': 1e-05, 'dropout': 0.0}
[TUNE] function=core_interaction screen=oracle_support seed=3 trial=42/63 params={'hidden': 128, 'depth': 5, 'activation': 'gelu', 'lr': 1.034118298679754e-05, 'weight_decay': 0.01, 'dropout': 0.0}
[TUNE] function=core_interaction screen=oracle_support seed=3 trial=43/63 params={'hidden': 64, 'depth': 3, 'activation': 'silu', 'lr': 0.00012756582388566518, 'weight_decay': 0.01, 'dropout': 0.0}
[TUNE] function=core_interaction screen=oracle_support seed=3 trial=44/63 params={'hidden': 1024, 'depth': 4, 'activation': 'softplus', 'lr': 1.8994650780320994e-05, 'weight_decay': 1e-06, 'dropout': 0.0}
[TUNE] function=core_interaction screen=oracle_support seed=3 trial=45/63 params={'hidden': 256, 'depth': 3, 'activation': 'softplus', 'lr': 0.0004212304404616079, 'weight_decay': 0.0, 'dropout': 0.0}
[TUNE] function=core_interaction screen=oracle_support seed=3 trial=46/63 params={'hidden': 256, 'depth': 4, 'activation': 'gelu', 'lr': 0.0023658719077601364, 'weight_decay': 1e-06, 'dropout': 0.0}
[TUNE] function=core_interaction screen=oracle_support seed=3 trial=47/63 params={'hidden': 128, 'depth': 4, 'activation': 'softplus', 'lr': 0.0003534729879949839, 'weight_decay': 0.01, 'dropout': 0.0}
[TUNE] function=core_interaction screen=oracle_support seed=3 trial=48/63 params={'hidden': 1024, 'depth': 4, 'activation': 'gelu', 'lr': 0.0009972486104443225, 'weight_decay': 0.0, 'dropout': 0.0}
[TUNE] function=core_interaction screen=oracle_support seed=3 trial=49/63 params={'hidden': 1024, 'depth': 5, 'activation': 'softplus', 'lr': 0.002591912687803669, 'weight_decay': 1e-06, 'dropout': 0.0}
[TUNE] function=core_interaction screen=oracle_support seed=3 trial=50/63 params={'hidden': 128, 'depth': 5, 'activation': 'tanh', 'lr': 0.00017750624143199572, 'weight_decay': 1e-05, 'dropout': 0.0}
[TUNE] function=core_interaction screen=oracle_support seed=3 trial=51/63 params={'hidden': 1024, 'depth': 5, 'activation': 'gelu', 'lr': 9.438299573380135e-05, 'weight_decay': 1e-06, 'dropout': 0.0}
[TUNE] function=core_interaction screen=oracle_support seed=3 trial=52/63 params={'hidden': 1024, 'depth': 4, 'activation': 'gelu', 'lr': 0.0008081787026041595, 'weight_decay': 1e-06, 'dropout': 0.0}
[TUNE] function=core_interaction screen=oracle_support seed=3 trial=53/63 params={'hidden': 1024, 'depth': 3, 'activation': 'softplus', 'lr': 0.0016137896982259283, 'weight_decay': 0.001, 'dropout': 0.0}
[TUNE] function=core_interaction screen=oracle_support seed=3 trial=54/63 params={'hidden': 512, 'depth': 3, 'activation': 'silu', 'lr': 0.0035424257582286813, 'weight_decay': 0.0001, 'dropout': 0.0}
[TUNE] function=core_interaction screen=oracle_support seed=3 trial=55/63 params={'hidden': 64, 'depth': 4, 'activation': 'silu', 'lr': 0.0001950623189165383, 'weight_decay': 1e-06, 'dropout': 0.0}
[TUNE] function=core_interaction screen=oracle_support seed=3 trial=56/63 params={'hidden': 64, 'depth': 2, 'activation': 'gelu', 'lr': 1.3038423561656614e-05, 'weight_decay': 0.001, 'dropout': 0.0}
[TUNE] function=core_interaction screen=oracle_support seed=3 trial=57/63 params={'hidden': 64, 'depth': 2, 'activation': 'tanh', 'lr': 0.00043921050217959987, 'weight_decay': 0.001, 'dropout': 0.0}
[TUNE] function=core_interaction screen=oracle_support seed=3 trial=58/63 params={'hidden': 64, 'depth': 4, 'activation': 'softplus', 'lr': 0.0029722236733708738, 'weight_decay': 1e-06, 'dropout': 0.0}
[TUNE] function=core_interaction screen=oracle_support seed=3 trial=59/63 params={'hidden': 1024, 'depth': 2, 'activation': 'gelu', 'lr': 0.00036817057283592585, 'weight_decay': 0.01, 'dropout': 0.0}
[TUNE] function=core_interaction screen=oracle_support seed=3 trial=60/63 params={'hidden': 1024, 'depth': 4, 'activation': 'tanh', 'lr': 0.0003768879949272757, 'weight_decay': 0.01, 'dropout': 0.0}
[TUNE] function=core_interaction screen=oracle_support seed=3 trial=61/63 params={'hidden': 512, 'depth': 4, 'activation': 'softplus', 'lr': 1.1383290281997252e-05, 'weight_decay': 0.001, 'dropout': 0.0}
[TUNE] function=core_interaction screen=oracle_support seed=3 trial=62/63 params={'hidden': 64, 'depth': 2, 'activation': 'tanh', 'lr': 2.417661274464505e-05, 'weight_decay': 0.0, 'dropout': 0.0}
[TUNE] function=core_interaction screen=oracle_support seed=3 trial=63/63 params={'hidden': 128, 'depth': 3, 'activation': 'gelu', 'lr': 8.162863981472195e-05, 'weight_decay': 1e-05, 'dropout': 0.0}
Traceback (most recent call last):
  File "/home/perzival/kan_xai_benchmark/experiments/run_mlp_tuning.py", line 1176, in <module>
    main()
  File "/home/perzival/kan_xai_benchmark/experiments/run_mlp_tuning.py", line 1107, in main
    rows, best = tune_one(args, fn, screen_mode, args.tune_seed, device)
  File "/home/perzival/kan_xai_benchmark/experiments/run_mlp_tuning.py", line 736, in tune_one
    raise RuntimeError(f"No successful tuning trial for {function_name}/{screen_mode}")
RuntimeError: No successful tuning trial for core_interaction/oracle_support
bash failed with exit status 1.
