\BOOKMARK [1][-]{section.1}{\376\377\000I\000n\000t\000r\000o\000d\000u\000c\000t\000i\000o\000n}{}% 1
\BOOKMARK [1][-]{section.2}{\376\377\000P\000r\000o\000b\000l\000e\000m\000\040\000S\000e\000t\000u\000p}{}% 2
\BOOKMARK [2][-]{subsection.2.1}{\376\377\000C\000o\000r\000e\000\040\000B\000e\000n\000c\000h\000m\000a\000r\000k}{section.2}% 3
\BOOKMARK [2][-]{subsection.2.2}{\376\377\000D\000i\000a\000g\000n\000o\000s\000t\000i\000c\000\040\000V\000a\000r\000i\000a\000n\000t\000s}{section.2}% 4
\BOOKMARK [2][-]{subsection.2.3}{\376\377\000K\000A\000N\000-\000N\000a\000t\000i\000v\000e\000\040\000S\000u\000p\000p\000o\000r\000t\000\040\000S\000t\000a\000b\000i\000l\000i\000z\000a\000t\000i\000o\000n}{section.2}% 5
\BOOKMARK [1][-]{section.3}{\376\377\000F\000o\000r\000m\000u\000l\000a\000-\000F\000i\000d\000e\000l\000i\000t\000y\000\040\000M\000e\000t\000r\000i\000c\000s}{}% 6
\BOOKMARK [1][-]{section.4}{\376\377\000R\000e\000s\000u\000l\000t\000s}{}% 7
\BOOKMARK [2][-]{subsection.4.1}{\376\377\000P\000r\000e\000d\000i\000c\000t\000i\000o\000n\000\040\000i\000s\000\040\000N\000o\000t\000\040\000F\000o\000r\000m\000u\000l\000a\000\040\000F\000i\000d\000e\000l\000i\000t\000y}{section.4}% 8
\BOOKMARK [2][-]{subsection.4.2}{\376\377\000A\000\040\000F\000o\000r\000m\000u\000l\000a\000-\000F\000i\000d\000e\000l\000i\000t\000y\000\040\000R\000e\000c\000o\000v\000e\000r\000y\000\040\000B\000o\000u\000n\000d\000a\000r\000y}{section.4}% 9
\BOOKMARK [2][-]{subsection.4.3}{\376\377\000K\000A\000N\000-\000N\000a\000t\000i\000v\000e\000\040\000S\000t\000a\000b\000i\000l\000i\000z\000a\000t\000i\000o\000n\000\040\000I\000m\000p\000r\000o\000v\000e\000s\000\040\000M\000o\000d\000e\000r\000a\000t\000e\000-\000R\000e\000g\000i\000m\000e\000\040\000R\000e\000c\000o\000v\000e\000r\000y}{section.4}% 10
\BOOKMARK [2][-]{subsection.4.4}{\376\377\000V\000a\000r\000i\000a\000b\000l\000e\000\040\000R\000e\000c\000o\000v\000e\000r\000y\000\040\000i\000s\000\040\000N\000o\000t\000\040\000E\000n\000o\000u\000g\000h}{section.4}% 11
\BOOKMARK [2][-]{subsection.4.5}{\376\377\000N\000e\000g\000a\000t\000i\000v\000e\000\040\000C\000o\000n\000t\000r\000o\000l\000s}{section.4}% 12
\BOOKMARK [2][-]{subsection.4.6}{\376\377\000M\000L\000P\000\040\000B\000a\000s\000e\000l\000i\000n\000e}{section.4}% 13
\BOOKMARK [1][-]{section.5}{\376\377\000M\000e\000c\000h\000a\000n\000i\000s\000t\000i\000c\000\040\000I\000n\000t\000u\000i\000t\000i\000o\000n}{}% 14
\BOOKMARK [1][-]{section.6}{\376\377\000L\000i\000m\000i\000t\000a\000t\000i\000o\000n\000s}{}% 15
\BOOKMARK [1][-]{section.7}{\376\377\000C\000o\000n\000c\000l\000u\000s\000i\000o\000n}{}% 16
\BOOKMARK [1][-]{section.A}{\376\377\000A\000d\000d\000i\000t\000i\000o\000n\000a\000l\000\040\000D\000i\000m\000e\000n\000s\000i\000o\000n\000\040\000R\000e\000s\000u\000l\000t\000s}{}% 17
\BOOKMARK [1][-]{section.B}{\376\377\000M\000e\000t\000r\000i\000c\000\040\000R\000o\000b\000u\000s\000t\000n\000e\000s\000s}{}% 18
\BOOKMARK [1][-]{section.C}{\376\377\000F\000e\000y\000n\000m\000a\000n\000-\000S\000t\000y\000l\000e\000\040\000E\000x\000t\000e\000r\000n\000a\000l\000\040\000V\000a\000l\000i\000d\000a\000t\000i\000o\000n}{}% 19
\BOOKMARK [1][-]{section.D}{\376\377\000H\000e\000u\000r\000i\000s\000t\000i\000c\000\040\000S\000N\000R\000\040\000I\000n\000t\000u\000i\000t\000i\000o\000n}{}% 20
\BOOKMARK [1][-]{section.E}{\376\377\000R\000e\000p\000r\000o\000d\000u\000c\000i\000b\000i\000l\000i\000t\000y}{}% 21
